<?xml version="1.0" encoding="UTF-8"?>
<!-- Generated by org.testng.reporters.JUnitReportReporter -->
<testsuite skipped="0" hostname="DESKTOP-78M56K0" name="apiProjects.TC005_POSTbyTDD" tests="3" failures="0" timestamp="2019-08-31T21:10:34 IST" time="5.457" errors="0">
  <testcase name="POSTbyTDD" time="0.772" classname="apiProjects.TC005_POSTbyTDD"/>
  <testcase name="POSTbyTDD" time="3.949" classname="apiProjects.TC005_POSTbyTDD"/>
  <testcase name="POSTbyTDD" time="0.736" classname="apiProjects.TC005_POSTbyTDD"/>
</testsuite> <!-- apiProjects.TC005_POSTbyTDD -->
