<?xml version="1.0" encoding="UTF-8"?>
<!-- Generated by org.testng.reporters.JUnitReportReporter -->
<testsuite skipped="0" hostname="DESKTOP-78M56K0" name="apiProjects.TC001_GET" tests="1" failures="0" timestamp="2019-08-31T13:58:21 IST" time="2.553" errors="0">
  <testcase name="get" time="2.553" classname="apiProjects.TC001_GET"/>
</testsuite> <!-- apiProjects.TC001_GET -->
