<?xml version="1.0" encoding="UTF-8"?>
<!-- Generated by org.testng.reporters.JUnitReportReporter -->
<testsuite skipped="0" hostname="DESKTOP-78M56K0" name="apiProjects.TC002_PostMethod" tests="1" failures="0" timestamp="2019-08-31T15:43:14 IST" time="10.761" errors="0">
  <testcase name="post" time="10.761" classname="apiProjects.TC002_PostMethod"/>
</testsuite> <!-- apiProjects.TC002_PostMethod -->
