<?xml version="1.0" encoding="UTF-8"?>
<!-- Generated by org.testng.reporters.JUnitReportReporter -->
<testsuite skipped="0" hostname="DESKTOP-78M56K0" name="apiProjects.TC004_GETcheckHeader" tests="1" failures="0" timestamp="2019-08-31T16:44:48 IST" time="5.118" errors="0">
  <testcase name="GetcheckHeader" time="5.118" classname="apiProjects.TC004_GETcheckHeader"/>
</testsuite> <!-- apiProjects.TC004_GETcheckHeader -->
